[    0.000000] Linux version 4.15.0-117-generic (buildd@lcy01-amd64-008) (gcc version 7.5.0 (Ubuntu 7.5.0-3ubuntu1~18.04)) #118-Ubuntu SMP Fri Sep 4 20:02:41 UTC 2020 (Ubuntu 4.15.0-117.118-generic 4.15.18)
[    0.000000] Command line: BOOT_IMAGE=/boot/vmlinuz-4.15.0-117-generic root=LABEL=cloudimg-rootfs ro console=tty1 console=ttyS0
[    0.000000] KERNEL supported cpus:
[    0.000000]   Intel GenuineIntel
[    0.000000]   AMD AuthenticAMD
[    0.000000]   Centaur CentaurHauls
[    0.000000] [Firmware Bug]: TSC doesn't count with P0 frequency!
[    0.000000] x86/fpu: Supporting XSAVE feature 0x001: 'x87 floating point registers'
[    0.000000] x86/fpu: Supporting XSAVE feature 0x002: 'SSE registers'
[    0.000000] x86/fpu: Supporting XSAVE feature 0x004: 'AVX registers'
[    0.000000] x86/fpu: xstate_offset[2]:  576, xstate_sizes[2]:  256
[    0.000000] x86/fpu: Enabled xstate features 0x7, context size is 832 bytes, using 'standard' format.
[    0.000000] e820: BIOS-provided physical RAM map:
[    0.000000] BIOS-e820: [mem 0x0000000000000000-0x000000000009fbff] usable
[    0.000000] BIOS-e820: [mem 0x000000000009fc00-0x000000000009ffff] reserved
[    0.000000] BIOS-e820: [mem 0x00000000000f0000-0x00000000000fffff] reserved
[    0.000000] BIOS-e820: [mem 0x0000000000100000-0x000000001ffeffff] usable
[    0.000000] BIOS-e820: [mem 0x000000001fff0000-0x000000001fffffff] ACPI data
[    0.000000] BIOS-e820: [mem 0x00000000fec00000-0x00000000fec00fff] reserved
[    0.000000] BIOS-e820: [mem 0x00000000fee00000-0x00000000fee00fff] reserved
[    0.000000] BIOS-e820: [mem 0x00000000fffc0000-0x00000000ffffffff] reserved
[    0.000000] NX (Execute Disable) protection: active
[    0.000000] SMBIOS 2.5 present.
[    0.000000] DMI: innotek GmbH VirtualBox/VirtualBox, BIOS VirtualBox 12/01/2006
[    0.000000] Hypervisor detected: KVM
[    0.000000] e820: last_pfn = 0x1fff0 max_arch_pfn = 0x400000000
[    0.000000] MTRR: Disabled
[    0.000000] x86/PAT: MTRRs disabled, skipping PAT initialization too.
[    0.000000] CPU MTRRs all blank - virtualized system.
[    0.000000] x86/PAT: Configuration [0-7]: WB  WT  UC- UC  WB  WT  UC- UC  
[    0.000000] found SMP MP-table at [mem 0x0009fff0-0x0009ffff]
[    0.000000] Scanning 1 areas for low memory corruption
[    0.000000] RAMDISK: [mem 0x1dbf8000-0x1eebcfff]
[    0.000000] ACPI: Early table checksum verification disabled
[    0.000000] ACPI: RSDP 0x00000000000E0000 000024 (v02 VBOX  )
[    0.000000] ACPI: XSDT 0x000000001FFF0030 00003C (v01 VBOX   VBOXXSDT 00000001 ASL  00000061)
[    0.000000] ACPI: FACP 0x000000001FFF00F0 0000F4 (v04 VBOX   VBOXFACP 00000001 ASL  00000061)
[    0.000000] ACPI: DSDT 0x000000001FFF0470 002325 (v02 VBOX   VBOXBIOS 00000002 INTL 20100528)
[    0.000000] ACPI: FACS 0x000000001FFF0200 000040
[    0.000000] ACPI: FACS 0x000000001FFF0200 000040
[    0.000000] ACPI: APIC 0x000000001FFF0240 00005C (v02 VBOX   VBOXAPIC 00000001 ASL  00000061)
[    0.000000] ACPI: SSDT 0x000000001FFF02A0 0001CC (v01 VBOX   VBOXCPUT 00000002 INTL 20100528)
[    0.000000] No NUMA configuration found
[    0.000000] Faking a node at [mem 0x0000000000000000-0x000000001ffeffff]
[    0.000000] NODE_DATA(0) allocated [mem 0x1ffc5000-0x1ffeffff]
[    0.000000] kvm-clock: cpu 0, msr 0:1ff44001, primary cpu clock
[    0.000000] kvm-clock: Using msrs 4b564d01 and 4b564d00
[    0.000000] kvm-clock: using sched offset of 3798538419 cycles
[    0.000000] clocksource: kvm-clock: mask: 0xffffffffffffffff max_cycles: 0x1cd42e4dffb, max_idle_ns: 881590591483 ns
[    0.000000] Zone ranges:
[    0.000000]   DMA      [mem 0x0000000000001000-0x0000000000ffffff]
[    0.000000]   DMA32    [mem 0x0000000001000000-0x000000001ffeffff]
[    0.000000]   Normal   empty
[    0.000000]   Device   empty
[    0.000000] Movable zone start for each node
[    0.000000] Early memory node ranges
[    0.000000]   node   0: [mem 0x0000000000001000-0x000000000009efff]
[    0.000000]   node   0: [mem 0x0000000000100000-0x000000001ffeffff]
[    0.000000] Reserved but unavailable: 98 pages
[    0.000000] Initmem setup node 0 [mem 0x0000000000001000-0x000000001ffeffff]
[    0.000000] ACPI: PM-Timer IO Port: 0x4008
[    0.000000] IOAPIC[0]: apic_id 2, version 32, address 0xfec00000, GSI 0-23
[    0.000000] ACPI: INT_SRC_OVR (bus 0 bus_irq 0 global_irq 2 dfl dfl)
[    0.000000] ACPI: INT_SRC_OVR (bus 0 bus_irq 9 global_irq 9 low level)
[    0.000000] Using ACPI (MADT) for SMP configuration information
[    0.000000] smpboot: Allowing 2 CPUs, 0 hotplug CPUs
[    0.000000] PM: Registered nosave memory: [mem 0x00000000-0x00000fff]
[    0.000000] PM: Registered nosave memory: [mem 0x0009f000-0x0009ffff]
[    0.000000] PM: Registered nosave memory: [mem 0x000a0000-0x000effff]
[    0.000000] PM: Registered nosave memory: [mem 0x000f0000-0x000fffff]
[    0.000000] e820: [mem 0x20000000-0xfebfffff] available for PCI devices
[    0.000000] Booting paravirtualized kernel on KVM
[    0.000000] clocksource: refined-jiffies: mask: 0xffffffff max_cycles: 0xffffffff, max_idle_ns: 7645519600211568 ns
[    0.000000] random: get_random_bytes called from start_kernel+0x99/0x500 with crng_init=0
[    0.000000] setup_percpu: NR_CPUS:8192 nr_cpumask_bits:2 nr_cpu_ids:2 nr_node_ids:1
[    0.000000] percpu: Embedded 45 pages/cpu s147456 r8192 d28672 u1048576
[    0.000000] PV qspinlock hash table entries: 256 (order: 0, 4096 bytes)
[    0.000000] Built 1 zonelists, mobility grouping on.  Total pages: 128889
[    0.000000] Policy zone: DMA32
[    0.000000] Kernel command line: BOOT_IMAGE=/boot/vmlinuz-4.15.0-117-generic root=LABEL=cloudimg-rootfs ro console=tty1 console=ttyS0
[    0.000000] Memory: 466932K/523832K available (12300K kernel code, 2481K rwdata, 4272K rodata, 2436K init, 2724K bss, 56900K reserved, 0K cma-reserved)
[    0.000000] SLUB: HWalign=64, Order=0-3, MinObjects=0, CPUs=2, Nodes=1
[    0.000000] ftrace: allocating 39392 entries in 154 pages
[    0.004000] Hierarchical RCU implementation.
[    0.004000] 	RCU restricting CPUs from NR_CPUS=8192 to nr_cpu_ids=2.
[    0.004000] 	Tasks RCU enabled.
[    0.004000] RCU: Adjusting geometry for rcu_fanout_leaf=16, nr_cpu_ids=2
[    0.004000] NR_IRQS: 524544, nr_irqs: 440, preallocated irqs: 16
[    0.004000] Console: colour VGA+ 80x25
[    0.004000] console [tty1] enabled
[    0.004000] console [ttyS0] enabled
[    0.004000] ACPI: Core revision 20170831
[    0.004000] ACPI: 2 ACPI AML tables successfully acquired and loaded
[    0.004000] APIC: Switch to symmetric I/O mode setup
[    0.004000] x2apic enabled
[    0.004000] Switched APIC routing to physical x2apic.
[    0.004000] ..TIMER: vector=0x30 apic1=0 pin1=2 apic2=-1 pin2=-1
[    0.004000] tsc: Detected 3393.626 MHz processor
[    0.004000] Calibrating delay loop (skipped) preset value.. 6787.25 BogoMIPS (lpj=13574504)
[    0.004000] pid_max: default: 32768 minimum: 301
[    0.004000] Security Framework initialized
[    0.004000] Yama: becoming mindful.
[    0.004000] AppArmor: AppArmor initialized
[    0.004000] Dentry cache hash table entries: 65536 (order: 7, 524288 bytes)
[    0.004000] Inode-cache hash table entries: 32768 (order: 6, 262144 bytes)
[    0.004000] Mount-cache hash table entries: 1024 (order: 1, 8192 bytes)
[    0.004000] Mountpoint-cache hash table entries: 1024 (order: 1, 8192 bytes)
[    0.004000] Last level iTLB entries: 4KB 1024, 2MB 1024, 4MB 512
[    0.004000] Last level dTLB entries: 4KB 1536, 2MB 1536, 4MB 768, 1GB 0
[    0.004000] Spectre V1 : Mitigation: usercopy/swapgs barriers and __user pointer sanitization
[    0.004000] Spectre V2 : Spectre mitigation: LFENCE not serializing, switching to generic retpoline
[    0.004000] Spectre V2 : Mitigation: Full generic retpoline
[    0.004000] Spectre V2 : Spectre v2 / SpectreRSB mitigation: Filling RSB on context switch
[    0.004000] Speculative Store Bypass: Mitigation: Speculative Store Bypass disabled via prctl and seccomp
[    0.004000] Freeing SMP alternatives memory: 36K
[    0.118554] APIC calibration not consistent with PM-Timer: 107ms instead of 100ms
[    0.119557] APIC delta adjusted to PM-Timer: 6411966 (6918272)
[    0.120055] smpboot: CPU0: AMD Ryzen 5 2600 Six-Core Processor (family: 0x17, model: 0x8, stepping: 0x2)
[    0.121276] Performance Events: PMU not available due to virtualization, using software events only.
[    0.122392] Hierarchical SRCU implementation.
[    0.123463] NMI watchdog: Perf event create on CPU 0 failed with -2
[    0.124000] NMI watchdog: Perf NMI watchdog permanently disabled
[    0.124042] smp: Bringing up secondary CPUs ...
[    0.124706] x86: Booting SMP configuration:
[    0.125245] .... node  #0, CPUs:      #1
[    0.004000] kvm-clock: cpu 1, msr 0:1ff44041, secondary cpu clock
[    0.128013] smp: Brought up 1 node, 2 CPUs
[    0.128533] smpboot: Max logical packages: 1
[    0.129077] smpboot: Total of 2 processors activated (13574.50 BogoMIPS)
[    0.130031] devtmpfs: initialized
[    0.130031] x86/mm: Memory block size: 128MB
[    0.132092] evm: security.selinux
[    0.132541] evm: security.SMACK64
[    0.132976] evm: security.SMACK64EXEC
[    0.133458] evm: security.SMACK64TRANSMUTE
[    0.133982] evm: security.SMACK64MMAP
[    0.134481] evm: security.apparmor
[    0.134924] evm: security.ima
[    0.135319] evm: security.capability
[    0.136055] clocksource: jiffies: mask: 0xffffffff max_cycles: 0xffffffff, max_idle_ns: 7645041785100000 ns
[    0.136055] futex hash table entries: 512 (order: 3, 32768 bytes)
[    0.136821] pinctrl core: initialized pinctrl subsystem
[    0.137581] RTC time: 19:06:14, date: 10/27/20
[    0.138279] NET: Registered protocol family 16
[    0.138919] audit: initializing netlink subsys (disabled)
[    0.140014] audit: type=2000 audit(1603825579.366:1): state=initialized audit_enabled=0 res=1
[    0.141028] cpuidle: using governor ladder
[    0.141028] cpuidle: using governor menu
[    0.141028] ACPI: bus type PCI registered
[    0.141028] acpiphp: ACPI Hot Plug PCI Controller Driver version: 0.5
[    0.141345] PCI: Using configuration type 1 for base access
[    0.144006] PCI: Using configuration type 1 for extended access
[    0.144734] HugeTLB registered 2.00 MiB page size, pre-allocated 0 pages
[    0.148055] ACPI: Added _OSI(Module Device)
[    0.148593] ACPI: Added _OSI(Processor Device)
[    0.148593] ACPI: Added _OSI(3.0 _SCP Extensions)
[    0.148593] ACPI: Added _OSI(Processor Aggregator Device)
[    0.149217] ACPI: Added _OSI(Linux-Dell-Video)
[    0.149760] ACPI: Added _OSI(Linux-Lenovo-NV-HDMI-Audio)
[    0.150391] ACPI: Added _OSI(Linux-HPI-Hybrid-Graphics)
[    0.151224] ACPI: Executed 1 blocks of module-level executable AML code
[    0.156351] ACPI: Interpreter enabled
[    0.156864] ACPI: (supports S0 S5)
[    0.157318] ACPI: Using IOAPIC for interrupt routing
[    0.158131] PCI: Using host bridge windows from ACPI; if necessary, use "pci=nocrs" and report a bug
[    0.159372] ACPI: Enabled 2 GPEs in block 00 to 07
[    0.164439] ACPI: PCI Root Bridge [PCI0] (domain 0000 [bus 00-ff])
[    0.165195] acpi PNP0A03:00: _OSC: OS supports [ExtendedConfig ASPM ClockPM Segments MSI]
[    0.166968] acpi PNP0A03:00: _OSC: platform does not support [PCIeCapability]
[    0.168000] acpi PNP0A03:00: _OSC: not requesting control; platform does not support [PCIeCapability]
[    0.168003] acpi PNP0A03:00: _OSC: OS requested [PCIeHotplug PME AER PCIeCapability]
[    0.168956] acpi PNP0A03:00: _OSC: platform willing to grant [PCIeHotplug PME AER]
[    0.169911] acpi PNP0A03:00: _OSC failed (AE_SUPPORT); disabling ASPM
[    0.172272] PCI host bridge to bus 0000:00
[    0.173235] pci_bus 0000:00: root bus resource [io  0x0000-0x0cf7 window]
[    0.174059] pci_bus 0000:00: root bus resource [io  0x0d00-0xffff window]
[    0.174883] pci_bus 0000:00: root bus resource [mem 0x000a0000-0x000bffff window]
[    0.175843] pci_bus 0000:00: root bus resource [mem 0x20000000-0xfdffffff window]
[    0.176002] pci_bus 0000:00: root bus resource [bus 00-ff]
[    0.178269] pci 0000:00:01.1: legacy IDE quirk: reg 0x10: [io  0x01f0-0x01f7]
[    0.180002] pci 0000:00:01.1: legacy IDE quirk: reg 0x14: [io  0x03f6]
[    0.180797] pci 0000:00:01.1: legacy IDE quirk: reg 0x18: [io  0x0170-0x0177]
[    0.181653] pci 0000:00:01.1: legacy IDE quirk: reg 0x1c: [io  0x0376]
[    0.188563] pci 0000:00:07.0: quirk: [io  0x4000-0x403f] claimed by PIIX4 ACPI
[    0.189475] pci 0000:00:07.0: quirk: [io  0x4100-0x410f] claimed by PIIX4 SMB
[    0.194157] ACPI: PCI Interrupt Link [LNKA] (IRQs 5 9 10 *11)
[    0.195124] ACPI: PCI Interrupt Link [LNKB] (IRQs 5 9 *10 11)
[    0.196078] ACPI: PCI Interrupt Link [LNKC] (IRQs 5 *9 10 11)
[    0.196886] ACPI: PCI Interrupt Link [LNKD] (IRQs 5 9 10 *11)
[    0.197818] SCSI subsystem initialized
[    0.198351] pci 0000:00:02.0: vgaarb: setting as boot VGA device
[    0.198351] pci 0000:00:02.0: vgaarb: VGA device added: decodes=io+mem,owns=io+mem,locks=none
[    0.198351] pci 0000:00:02.0: vgaarb: bridge control possible
[    0.200006] vgaarb: loaded
[    0.200395] ACPI: bus type USB registered
[    0.200921] usbcore: registered new interface driver usbfs
[    0.201599] usbcore: registered new interface driver hub
[    0.202268] usbcore: registered new device driver usb
[    0.204026] EDAC MC: Ver: 3.0.0
[    0.204660] PCI: Using ACPI for IRQ routing
[    0.204767] NetLabel: Initializing
[    0.205221] NetLabel:  domain hash size = 128
[    0.205786] NetLabel:  protocols = UNLABELED CIPSOv4 CALIPSO
[    0.206526] NetLabel:  unlabeled traffic allowed by default
[    0.208047] clocksource: Switched to clocksource kvm-clock
[    0.238977] VFS: Disk quotas dquot_6.6.0
[    0.239547] VFS: Dquot-cache hash table entries: 512 (order 0, 4096 bytes)
[    0.240426] AppArmor: AppArmor Filesystem Enabled
[    0.241022] pnp: PnP ACPI init
[    0.242269] pnp: PnP ACPI: found 3 devices
[    0.250258] clocksource: acpi_pm: mask: 0xffffff max_cycles: 0xffffff, max_idle_ns: 2085701024 ns
[    0.251317] NET: Registered protocol family 2
[    0.251940] TCP established hash table entries: 4096 (order: 3, 32768 bytes)
[    0.252821] TCP bind hash table entries: 4096 (order: 4, 65536 bytes)
[    0.253562] TCP: Hash tables configured (established 4096 bind 4096)
[    0.254299] UDP hash table entries: 256 (order: 1, 8192 bytes)
[    0.254973] UDP-Lite hash table entries: 256 (order: 1, 8192 bytes)
[    0.255706] NET: Registered protocol family 1
[    0.256233] pci 0000:00:00.0: Limiting direct PCI/PCI transfers
[    0.256952] pci 0000:00:01.0: Activating ISA DMA hang workarounds
[    0.257683] pci 0000:00:02.0: Video device with shadowed ROM at [mem 0x000c0000-0x000dffff]
[    0.258756] Unpacking initramfs...
[    0.727670] Freeing initrd memory: 19220K
[    0.728376] clocksource: tsc: mask: 0xffffffffffffffff max_cycles: 0x30eac9ca8e3, max_idle_ns: 440795333897 ns
[    0.729623] platform rtc_cmos: registered platform RTC device (no PNP device found)
[    0.730585] Scanning for low memory corruption every 60 seconds
[    0.731973] Initialise system trusted keyrings
[    0.732793] Key type blacklist registered
[    0.733355] workingset: timestamp_bits=36 max_order=17 bucket_order=0
[    0.734739] zbud: loaded
[    0.735485] squashfs: version 4.0 (2009/01/31) Phillip Lougher
[    0.736354] fuse init (API version 7.26)
[    0.746147] Key type asymmetric registered
[    0.746948] Asymmetric key parser 'x509' registered
[    0.747810] Block layer SCSI generic (bsg) driver version 0.4 loaded (major 246)
[    0.748796] io scheduler noop registered
[    0.749300] io scheduler deadline registered
[    0.749858] io scheduler cfq registered (default)
[    0.750656] ACPI: AC Adapter [AC] (on-line)
[    0.751222] input: Power Button as /devices/LNXSYSTM:00/LNXPWRBN:00/input/input0
[    0.752170] ACPI: Power Button [PWRF]
[    0.752699] input: Sleep Button as /devices/LNXSYSTM:00/LNXSLPBN:00/input/input1
[    0.753619] ACPI: Sleep Button [SLPF]
[    0.754324] Serial: 8250/16550 driver, 32 ports, IRQ sharing enabled
[    0.775571] 00:02: ttyS0 at I/O 0x3f8 (irq = 4, base_baud = 115200) is a 16550A
[    0.778341] Linux agpgart interface v0.103
[    0.779973] loop: module loaded
[    0.780848] scsi host0: ata_piix
[    0.781577] scsi host1: ata_piix
[    0.782021] ata1: PATA max UDMA/33 cmd 0x1f0 ctl 0x3f6 bmdma 0xd000 irq 14
[    0.782802] ata2: PATA max UDMA/33 cmd 0x170 ctl 0x376 bmdma 0xd008 irq 15
[    0.783642] libphy: Fixed MDIO Bus: probed
[    0.784162] tun: Universal TUN/TAP device driver, 1.6
[    0.784851] PPP generic driver version 2.4.2
[    0.785410] ehci_hcd: USB 2.0 'Enhanced' Host Controller (EHCI) Driver
[    0.786145] ehci-pci: EHCI PCI platform driver
[    0.786671] ehci-platform: EHCI generic platform driver
[    0.787274] ohci_hcd: USB 1.1 'Open' Host Controller (OHCI) Driver
[    0.787974] ohci-pci: OHCI PCI platform driver
[    0.788545] ohci-platform: OHCI generic platform driver
[    0.789148] uhci_hcd: USB Universal Host Controller Interface driver
[    0.789892] i8042: PNP: PS/2 Controller [PNP0303:PS2K,PNP0f03:PS2M] at 0x60,0x64 irq 1,12
[    0.791233] serio: i8042 KBD port at 0x60,0x64 irq 1
[    0.791852] serio: i8042 AUX port at 0x60,0x64 irq 12
[    0.792575] mousedev: PS/2 mouse device common for all mice
[    0.793472] input: AT Translated Set 2 keyboard as /devices/platform/i8042/serio0/input/input2
[    0.794783] rtc_cmos rtc_cmos: rtc core: registered rtc_cmos as rtc0
[    0.795560] rtc_cmos rtc_cmos: alarms up to one day, 114 bytes nvram
[    0.796367] i2c /dev entries driver
[    0.796862] device-mapper: uevent: version 1.0.3
[    0.797489] device-mapper: ioctl: 4.37.0-ioctl (2017-09-20) initialised: dm-devel@redhat.com
[    0.798581] ledtrig-cpu: registered to indicate activity on CPUs
[    0.799643] NET: Registered protocol family 10
[    0.802610] Segment Routing with IPv6
[    0.803112] NET: Registered protocol family 17
[    0.803709] Key type dns_resolver registered
[    0.804413] mce: Using 0 MCE banks
[    0.804859] RAS: Correctable Errors collector initialized.
[    0.805542] sched_clock: Marking stable (804390241, 0)->(966562999, -162172758)
[    0.806719] registered taskstats version 1
[    0.807227] Loading compiled-in X.509 certificates
[    0.809223] Loaded X.509 cert 'Build time autogenerated kernel key: 993aedfcb7091aab7364eeb95e85a8dab512d887'
[    0.810374] zswap: loaded using pool lzo/zbud
[    0.812900] Key type big_key registered
[    0.813435] Key type trusted registered
[    0.814910] Key type encrypted registered
[    0.815424] AppArmor: AppArmor sha1 policy hashing enabled
[    0.816087] ima: No TPM chip found, activating TPM-bypass! (rc=-19)
[    0.816894] ima: Allocated hash algorithm: sha1
[    0.817464] evm: HMAC attrs: 0x1
[    0.818064]   Magic number: 8:136:143
[    0.818609] rtc_cmos rtc_cmos: setting system clock to 2020-10-27 19:06:14 UTC (1603825574)
[    0.819685] BIOS EDD facility v0.16 2004-Jun-25, 0 devices found
[    0.820448] EDD information not available.
[    0.969076] Freeing unused kernel image memory: 2436K
[    0.984106] Write protecting the kernel read-only data: 20480k
[    0.985306] Freeing unused kernel image memory: 2008K
[    0.986224] Freeing unused kernel image memory: 1872K
[    0.992934] x86/mm: Checked W+X mappings: passed, no W+X pages found.
Loading, please wait...
starting version 237
[    1.042644] e1000: Intel(R) PRO/1000 Network Driver - version 7.3.21-k8-NAPI
[    1.043673] e1000: Copyright (c) 1999-2006 Intel Corporation.
[    1.046664] Fusion MPT base driver 3.04.20
[    1.047244] Copyright (c) 1999-2008 LSI Corporation
[    1.051268] Fusion MPT SPI Host driver 3.04.20
[    1.062253] AVX2 version of gcm_enc/dec engaged.
[    1.062917] AES CTR mode by8 optimization enabled
[    1.257460] input: ImExPS/2 Generic Explorer Mouse as /devices/platform/i8042/serio1/input/input4
[    1.400998] e1000 0000:00:03.0 eth0: (PCI:33MHz:32-bit) 02:aa:c1:7f:62:79
[    1.401863] e1000 0000:00:03.0 eth0: Intel(R) PRO/1000 Network Connection
[    1.403231] mptbase: ioc0: Initiating bringup
[    1.496505] ioc0: LSI53C1030 A0: Capabilities={Initiator}
[    1.739536] scsi host2: ioc0: LSI53C1030 A0, FwRev=00000000h, Ports=1, MaxQ=256, IRQ=20
[    2.777953] scsi 2:0:0:0: Direct-Access     VBOX     HARDDISK         1.0  PQ: 0 ANSI: 5
[    2.858734] scsi target2:0:0: Beginning Domain Validation
[    2.860538] scsi target2:0:0: Domain Validation skipping write tests
[    2.862479] scsi target2:0:0: Ending Domain Validation
[    2.863332] scsi target2:0:0: asynchronous
[    2.864214] scsi 2:0:1:0: Direct-Access     VBOX     HARDDISK         1.0  PQ: 0 ANSI: 5
[    3.112042] scsi target2:0:1: Beginning Domain Validation
[    3.113765] scsi target2:0:1: Domain Validation skipping write tests
[    3.114538] scsi target2:0:1: Ending Domain Validation
[    3.115169] random: fast init done
[    3.115620] scsi target2:0:1: asynchronous
[    3.118903] random: systemd-udevd: uninitialized urandom read (16 bytes read)
[    3.119052] sd 2:0:0:0: [sda] 20971520 512-byte logical blocks: (10.7 GB/10.0 GiB)
[    3.119794] random: systemd-udevd: uninitialized urandom read (16 bytes read)
[    3.120756] sd 2:0:0:0: [sda] Write Protect is off
[    3.121578] random: systemd-udevd: uninitialized urandom read (16 bytes read)
[    3.123100] sd 2:0:0:0: Attached scsi generic sg0 type 0
[    3.123825] sd 2:0:0:0: [sda] Incomplete mode parameter data
[    3.124041] sd 2:0:1:0: [sdb] 20480 512-byte logical blocks: (10.5 MB/10.0 MiB)
[    3.124568] sd 2:0:0:0: [sda] Assuming drive cache: write through
[    3.125971] sd 2:0:1:0: [sdb] Write Protect is off
[    3.126800] sd 2:0:1:0: Attached scsi generic sg1 type 0
[    3.128004] sd 2:0:1:0: [sdb] Incomplete mode parameter data
[    3.128784] sd 2:0:1:0: [sdb] Assuming drive cache: write through
[    3.130260]  sda: sda1
[    3.130900] sd 2:0:0:0: [sda] Attached SCSI disk
[    3.132474] sd 2:0:1:0: [sdb] Attached SCSI disk
[    3.140967] e1000 0000:00:08.0 eth1: (PCI:33MHz:32-bit) 08:00:27:82:c8:58
[    3.141851] e1000 0000:00:08.0 eth1: Intel(R) PRO/1000 Network Connection
[    3.143472] e1000 0000:00:03.0 enp0s3: renamed from eth0
[    3.160806] e1000 0000:00:08.0 enp0s8: renamed from eth1
Begin: Loading essential drivers ... [    4.536097] raid6: sse2x1   gen()  8099 MB/s
[    4.584962] raid6: sse2x1   xor()  7674 MB/s
[    4.632883] raid6: sse2x2   gen() 15804 MB/s
[    4.680250] raid6: sse2x2   xor()  9691 MB/s
[    4.728154] raid6: sse2x4   gen() 16188 MB/s
[    4.777039] raid6: sse2x4   xor()  9632 MB/s
[    4.824957] raid6: avx2x1   gen() 18901 MB/s
[    4.873837] raid6: avx2x1   xor() 14164 MB/s
[    4.920298] raid6: avx2x2   gen() 24521 MB/s
[    4.968215] raid6: avx2x2   xor() 14925 MB/s
[    5.016120] raid6: avx2x4   gen() 24955 MB/s
[    5.064028] raid6: avx2x4   xor() 12614 MB/s
[    5.064599] raid6: using algorithm avx2x4 gen() 24955 MB/s
[    5.065275] raid6: .... xor() 12614 MB/s, rmw enabled
[    5.065898] raid6: using avx2x2 recovery algorithm
[    5.067622] xor: automatically using best checksumming function   avx       
[    5.069851] async_tx: api initialized (async)
done.
Begin: Running /scripts/init-premount ... done.
Begin: Mounting root file system ... Begin: Running /scripts/local-top ... done.
Begin: Running /scripts/local-premount ... [    5.104774] Btrfs loaded, crc32c=crc32c-intel
Scanning for Btrfs filesystems
done.
Warning: fsck not present, so skipping root file system
[    5.134610] EXT4-fs (sda1): mounted filesystem with ordered data mode. Opts: (null)
done.
Begin: Running /scripts/local-bottom ... done.
Begin: Running /scripts/init-bottom ... done.
[    5.344806] ip_tables: (C) 2000-2006 Netfilter Core Team
[    5.365600] systemd[1]: systemd 237 running in system mode. (+PAM +AUDIT +SELINUX +IMA +APPARMOR +SMACK +SYSVINIT +UTMP +LIBCRYPTSETUP +GCRYPT +GNUTLS +ACL +XZ +LZ4 +SECCOMP +BLKID +ELFUTILS +KMOD -IDN2 +IDN -PCRE2 default-hierarchy=hybrid)
[    5.368036] systemd[1]: Detected virtualization oracle.
[    5.368726] systemd[1]: Detected architecture x86-64.

Welcome to [1mUbuntu 18.04.5 LTS[0m!

[    5.374348] systemd[1]: Set hostname to <ubuntu>.
[    5.387391] systemd[1]: Initializing machine ID from random generator.
[    5.388276] systemd[1]: Installed transient /etc/machine-id file.
[    5.702208] systemd[1]: Created slice User and Session Slice.
[[0;32m  OK  [0m] Created slice User and Session Slice.
[    5.703527] systemd[1]: Started Forward Password Requests to Wall Directory Watch.
[[0;32m  OK  [0m] Started Forward Password Requests to Wall Directory Watch.
[    5.705250] systemd[1]: Set up automount Arbitrary Executable File Formats File System Automount Point.
[[0;32m  OK  [0m] Set up automount Arbitrary Executab…rmats File System Automount Point.
[    5.707215] systemd[1]: Reached target Swap.
[[0;32m  OK  [0m] Reached target Swap.
[[0;32m  OK  [0m] Reached target User and Group Name Lookups.
[[0;32m  OK  [0m] Created slice System Slice.
[[0;32m  OK  [0m] Listening on Journal Socket.
         Starting Load Kernel Modules...
[[0;32m  OK  [0m] Listening on LVM2 metadata daemon socket.
[[0;32m  OK  [0m] Listening on udev Kernel Socket.
         Mounting POSIX Message Queue File System...
[[0;32m  OK  [0m] Listening on Syslog Socket.
         Mounting Kernel Debug File System...
[[0;32m  OK  [0m] Listening on Device-mapper event daemon FIFOs.
[[0;32m  OK  [0m] Created slice system-serial\x2dgetty.slice.
         Starting Uncomplicated firewall...
[[0;32m  OK  [0m] Reached target Slices.
[[0;32m  OK  [0m] Listening on Network Service Netlink Socket.
         Starting Remount Root and Kernel File Systems...
         Starting Set the console keyboard layout...
         Starting Monitoring of LVM2 mirrors…ng dmeventd or progress polling...
[[0;32m  OK  [0m] Listening on Journal Audit Socket.
         Mounting Huge Pages File System...
[[0;32m  OK  [0m] Listening on Journal Socket (/dev/log).
         Starting Journal Service...
[[0;32m  OK  [0m] Listening on LVM2 poll daemon socket.
         Starting Create list of required st…ce nodes for the current kernel...
[[0;32m  OK  [0m] Listening on /dev/initctl Compatibility Named Pipe.
[    5.747911] Loading iSCSI transport class v2.0-870.
[[0;32m  OK  [0m] Reached target System Time Synchronized.
[[0;32m  OK  [0m] Listening on udev Control Socket.
         Starting udev Coldplug all Devices...
[[0;32m  OK  [0m] Started Uncomplicated firewall.
[[0;32m  OK  [0m] Started Create list of required sta…vice nodes for the current kernel.
[[0;32m  OK  [0m] Started LVM2 metadata daemon.
         Starting Create Static Device Nodes in /dev...
[[0;32m  OK  [0m] Mounted POSIX Message Queue File System.
[[0;32m  OK  [0m] Mounted Kernel Debug File System.
[[0;32m  OK  [0m] Mounted Huge Pages File System.
[    6.040734] iscsi: registered transport (tcp)
[[0;32m  OK  [0m] Started Journal Service.
[[0;32m  OK  [0m] Started udev Coldplug all Devices.
[[0;32m  OK  [0m] Started Create Static Device Nodes in /dev.
[    6.113273] EXT4-fs (sda1): re-mounted. Opts: (null)
[[0;32m  OK  [0m] Started Remount Root and Kernel File Systems.
         Starting udev Kernel Device Manager...
         Starting Flush Journal to Persistent Storage...
[    6.139383] iscsi: registered transport (iser)
         Starting Load/Save Random Seed...
[[0;32m  OK  [0m] Started Load Kernel Modules.
[[0;32m  OK  [0m] Started Monitoring of LVM2 mirrors,…sing dmeventd or progress polling.
         Starting Apply Kernel Variables...
         Mounting Kernel Configuration File System...
         Mounting FUSE Control File System...
[    6.149801] systemd-journald[414]: Received request to flush runtime journal from PID 1
[[0;32m  OK  [0m] Mounted Kernel Configuration File System.
[[0;32m  OK  [0m] Mounted FUSE Control File System.
[[0;32m  OK  [0m] Started Load/Save Random Seed.
[[0;32m  OK  [0m] Started udev Kernel Device Manager.
[[0;32m  OK  [0m] Started Set the console keyboard layout.
[[0;32m  OK  [0m] Started Dispatch Password Requests to Console Directory Watch.
[[0;32m  OK  [0m] Reached target Local Encrypted Volumes.
[[0;32m  OK  [0m] Reached target Local File Systems (Pre).
[[0;32m  OK  [0m] Reached target Local File Systems.
         Starting Tell Plymouth To Write Out Runtime Data...
         Starting AppArmor initialization...
         Starting Commit a transient machine-id on disk...
         Starting Set console font and keymap...
         Starting ebtables ruleset management...
[[0;32m  OK  [0m] Started Apply Kernel Variables.
[[0;32m  OK  [0m] Started Flush Journal to Persistent Storage.
         Starting Create Volatile Files and Directories...
[[0;32m  OK  [0m] Started Set console font and keymap.
[[0;32m  OK  [0m] Started Tell Plymouth To Write Out Runtime Data.
[[0;32m  OK  [0m] Started Commit a transient machine-id on disk.
[[0;32m  OK  [0m] Started Create Volatile Files and Directories.
         Starting Update UTMP about System Boot/Shutdown...
[[0;32m  OK  [0m] Started Update UTMP about System Boot/Shutdown.
[[0;32m  OK  [0m] Started ebtables ruleset management.
[[0;32m  OK  [0m] Found device /dev/ttyS0.
[[0;32m  OK  [0m] Listening on Load/Save RF Kill Switch Status /dev/rfkill Watch.
[[0;32m  OK  [0m] Started AppArmor initialization.
         Starting Load AppArmor profiles managed internally by snapd...
         Starting Initial cloud-init job (pre-networking)...
[[0;32m  OK  [0m] Started Load AppArmor profiles managed internally by snapd.
[    8.399192] cloud-init[571]: Cloud-init v. 20.2-45-g5f7825e2-0ubuntu1~18.04.1 running 'init-local' at Tue, 27 Oct 2020 19:06:21 +0000. Up 8.08 seconds.
[[0;32m  OK  [0m] Started Initial cloud-init job (pre-networking).
[[0;32m  OK  [0m] Reached target Network (Pre).
         Starting Network Service...
[[0;32m  OK  [0m] Started Network Service.
         Starting Network Name Resolution...
         Starting Wait for Network to be Configured...
[[0;32m  OK  [0m] Started Network Name Resolution.
[[0;32m  OK  [0m] Reached target Network.
[[0;32m  OK  [0m] Reached target Host and Network Name Lookups.
[[0;32m  OK  [0m] Started Wait for Network to be Configured.
         Starting Initial cloud-init job (metadata service crawler)...
[   10.020310] cloud-init[703]: Cloud-init v. 20.2-45-g5f7825e2-0ubuntu1~18.04.1 running 'init' at Tue, 27 Oct 2020 19:06:23 +0000. Up 9.90 seconds.
[   10.021694] cloud-init[703]: ci-info: ++++++++++++++++++++++++++++++++++++++Net device info+++++++++++++++++++++++++++++++++++++++
[   10.022831] cloud-init[703]: ci-info: +--------+-------+----------------------------+---------------+--------+-------------------+
[   10.023949] cloud-init[703]: ci-info: | Device |   Up  |          Address           |      Mask     | Scope  |     Hw-Address    |
[   10.025033] cloud-init[703]: ci-info: +--------+-------+----------------------------+---------------+--------+-------------------+
[   10.026084] cloud-init[703]: ci-info: | enp0s3 |  True |         10.0.2.15          | 255.255.255.0 | global | 02:aa:c1:7f:62:79 |
[   10.027165] cloud-init[703]: ci-info: | enp0s3 |  True | fe80::aa:c1ff:fe7f:6279/64 |       .       |  link  | 02:aa:c1:7f:62:79 |
[   10.040680] cloud-init[703]: ci-info: | enp0s8 | False |             .              |       .       |   .    | 08:00:27:82:c8:58 |
[   10.041822] cloud-init[703]: ci-info: |   lo   |  True |         127.0.0.1          |   255.0.0.0   |  host  |         .         |
[   10.042906] cloud-init[703]: ci-info: |   lo   |  True |          ::1/128           |       .       |  host  |         .         |
[   10.044107] cloud-init[703]: ci-info: +--------+-------+----------------------------+---------------+--------+-------------------+
[   10.045249] cloud-init[703]: ci-info: ++++++++++++++++++++++++++++Route IPv4 info+++++++++++++++++++++++++++++
[   10.046240] cloud-init[703]: ci-info: +-------+-------------+----------+-----------------+-----------+-------+
[   10.047245] cloud-init[703]: ci-info: | Route | Destination | Gateway  |     Genmask     | Interface | Flags |
[   10.048236] cloud-init[703]: ci-info: +-------+-------------+----------+-----------------+-----------+-------+
[   10.049220] cloud-init[703]: ci-info: |   0   |   0.0.0.0   | 10.0.2.2 |     0.0.0.0     |   enp0s3  |   UG  |
[   10.050155] cloud-init[703]: ci-info: |   1   |   10.0.2.0  | 0.0.0.0  |  255.255.255.0  |   enp0s3  |   U   |
[   10.051125] cloud-init[703]: ci-info: |   2   |   10.0.2.2  | 0.0.0.0  | 255.255.255.255 |   enp0s3  |   UH  |
[   10.052560] cloud-init[703]: ci-info: +-------+-------------+----------+-----------------+-----------+-------+
[   10.053581] cloud-init[703]: ci-info: +++++++++++++++++++Route IPv6 info+++++++++++++++++++
[   10.056365] cloud-init[703]: ci-info: +-------+-------------+---------+-----------+-------+
[   10.057139] cloud-init[703]: ci-info: | Route | Destination | Gateway | Interface | Flags |
[   10.058013] cloud-init[703]: ci-info: +-------+-------------+---------+-----------+-------+
[   10.058819] cloud-init[703]: ci-info: |   1   |  fe80::/64  |    ::   |   enp0s3  |   U   |
[   10.059677] cloud-init[703]: ci-info: |   3   |    local    |    ::   |   enp0s3  |   U   |
[   10.060613] cloud-init[703]: ci-info: |   4   |   ff00::/8  |    ::   |   enp0s3  |   U   |
[   10.061453] cloud-init[703]: ci-info: +-------+-------------+---------+-----------+-------+
[   11.318627] cloud-init[703]: Generating public/private rsa key pair.
[   11.319514] cloud-init[703]: Your identification has been saved in /etc/ssh/ssh_host_rsa_key.
[   11.320747] cloud-init[703]: Your public key has been saved in /etc/ssh/ssh_host_rsa_key.pub.
[   11.321922] cloud-init[703]: The key fingerprint is:
[   11.322729] cloud-init[703]: SHA256:CZSu8n5uSfPGtf/WgjUR3BU+FABaeyoSZYYB+sko3ik root@ubuntu-bionic
[   11.323533] cloud-init[703]: The key's randomart image is:
[   11.324186] cloud-init[703]: +---[RSA 2048]----+
[   11.324779] cloud-init[703]: |     .ooo+ o.o.==|
[   11.325330] cloud-init[703]: |    ....+ o . = .|
[   11.340528] cloud-init[703]: |   . ... . . . + |
[   11.341063] cloud-init[703]: |    + o...  o . .|
[   11.341639] cloud-init[703]: | . . = .S. .   . |
[   11.342212] cloud-init[703]: |. + o o . o   o  |
[   11.342795] cloud-init[703]: | E = . = . . o o |
[   11.343367] cloud-init[703]: |  . . + + . . o .|
[   11.343962] cloud-init[703]: |   ..+..   ..o.. |
[   11.344477] cloud-init[703]: +----[SHA256]-----+
[   11.345037] cloud-init[703]: Generating public/private dsa key pair.
[   11.345739] cloud-init[703]: Your identification has been saved in /etc/ssh/ssh_host_dsa_key.
[   11.346562] cloud-init[703]: Your public key has been saved in /etc/ssh/ssh_host_dsa_key.pub.
[   11.347439] cloud-init[703]: The key fingerprint is:
[   11.348055] cloud-init[703]: SHA256:JmCPp8ixZK5A06t7kMsnTbRebnLGg+8KfhmMS1+5dCU root@ubuntu-bionic
[   11.348979] cloud-init[703]: The key's randomart image is:
[   11.349598] cloud-init[703]: +---[DSA 1024]----+
[   11.350147] cloud-init[703]: |                 |
[   11.350694] cloud-init[703]: |                 |
[   11.351241] cloud-init[703]: |    o            |
[   11.351782] cloud-init[703]: |  .o + E .       |
[   11.352346] cloud-init[703]: | oO.o = S        |
[   11.352910] cloud-init[703]: |.X.O.B +         |
[   11.353464] cloud-init[703]: |+.&.@ o          |
[   11.354023] cloud-init[703]: |o*o@ O           |
[   11.354590] cloud-init[703]: |.+*.Oo.          |
[   11.355158] cloud-init[703]: +----[SHA256]-----+
[   11.355718] cloud-init[703]: Generating public/private ecdsa key pair.
[   11.356515] cloud-init[703]: Your identification has been saved in /etc/ssh/ssh_host_ecdsa_key.
[   11.357515] [[0;32m  OK  [0m] Started Initial cloud-init job (metadata service crawler).
[[0;32m  OK  [0m] Reached target Network is Online.
cloud-init[703]: Your public key has been saved in /etc/ssh/ssh_host_ecdsa_key.pub.
[   11.359307] cloud-init[703]: The key fingerprint is:
[   11.359893] cloud-init[703]: SHA256:MrOIFx4JiJMLW6zl7LgkuUZ8elNEbqtUIoYDTr4CA/Y root@ubuntu-bionic
[   11.360826] cloud-init         Starting Availability of block devices...
[[0;32m  OK  [0m] Reached target Remote File Systems (Pre).
[[0;32m  OK  [0m] Reached target Remote File Systems.
[[0;32m  OK  [0m] Reached target System Initialization.
[[0;32m  OK  [0m] Started Discard unused blocks once a week.
[[0;32m  OK  [0m] Started Message of the Day.
[[0;32m  OK  [0m] Started Daily apt download activities.
[[0;32m  OK  [0m] Listening on UUID daemon activation socket.
[703]: [[0;32m  OK  [0m] Started ACPI Events Check.
[[0;32m  OK  [0m] Listening on Open-iSCSI iscsid Socket.
The key's randomart image is:
[   11.366820]          Starting LXD - unix socket.
         Starting Socket activation for snappy daemon.
[[0;32m  OK  [0m] Started Daily Cleanup of Temporary Directories.
[[0;32m  OK  [0m] Started Daily apt upgrade and clean activities.
[[0;32m  OK  [0m] Reached target Timers.
[[0;32m  OK  [0m] Reached target Paths.
[[0;32m  OK  [0m] Listening on D-Bus System Message Bus Socket.
[[0;32m  OK  [0m] Listening on ACPID Listen Socket.
[[0;32m  OK  [0m] Reached target Cloud-config availability.
[[0;32m  OK  [0m] Started Availability of block devices.
[[0;32m  OK  [0m] Listening on LXD - unix socket.
cloud-init[703]: [[0;32m  OK  [0m] Listening on Socket activation for snappy daemon.
[[0;32m  OK  [0m] Reached target Sockets.
[[0;32m  OK  [0m] Reached target Basic System.
+---[ECDSA 256]---+
[   11.374661] cloud-init[703]: |                 |
[   11.375488] cloud-init[703]: |+*   .           |
[   11.376054]          Starting Login Service...
         Starting Pollinate to seed the pseudo random number generator...
         Starting Permit User Sessions...
[[0;32m  OK  [0m] Started D-Bus System Message Bus.
cloud-init[703]: |# * o            |
[   11.385547] cloud-init[703]: |*# E *           |
[   11.386182] cloud-init[703]: |Bo= O = S        |
[   11.386822] cloud-init[703]: |.B = * =         |
[   11.387402] cloud-init[703]: |*.* * .          |
[   11.388967] cloud-init[703]: |o= =             |
[   11.389770] cloud-init[703]: |+ . .            |
[   11.390539] cloud-init[703]: +----[SHA256]-----+
[   11.391116] cloud-init[703]: Generating public/private ed25519 key pair.
[   11.391904] cloud-init[703]: Your identification has been saved in /etc/ssh/ssh_host_ed25519_key.
[   11.393355] cloud-init[703]: Your public key has been saved in /etc/ssh/ssh_host_ed25519_key.pub.
[   11.394398] cloud-init[703]: The key fingerprint is:
[   11.395091] cloud-init[703]: SHA256:I1jaaq5W8TK6M6rlPfUZlLeMvWuMwrznufYgIbgF+Hg root@ubuntu-bionic
[   11.396436] cloud-init[703]: The key's randomart image is:
[   11.397453] cloud-init[703]: +--[ED25519 256]--+
[   11.398222] cloud-init[703]: |                 |
[   11.399003] cloud-init[703]: | .               |
[   11.399782] cloud-init[703]: |. .   .  .       |
[   11.400590] cloud-init[703]: | o o.=  o .      |
[   11.401282] cloud-init[703]: |. E =o+.S= .     |
[   11.402060] cloud-init[703]: | . o+oooo.+      |
[   11.402744] cloud-init[703]: |  ooo*...= .     |
[   11.403379] cloud-init[703]: | o=+. +.*o+      |
[   11.404437] cloud-init[703]: |+o+=o..*++o.     |
[   11.405180] cloud-init[703]: +----[SHA256]-----+
         Starting LSB: automatic crash report generation...
[[0;32m  OK  [0m] Started irqbalance daemon.
[[0;32m  OK  [0m] Started FUSE filesystem for LXC.
         Starting Accounts Service...
         Starting LSB: Record successful boot for GRUB...
         Starting Snap Daemon...
[[0;32m  OK  [0m] Started Regular background program processing daemon.
         Starting System Logging Service...
[[0;32m  OK  [0m] Started Deferred execution scheduler.
         Starting Virtualbox guest utils...
         Starting LXD - container startup/shutdown...
         Starting Dispatcher daemon for systemd-networkd...
[[0;32m  OK  [0m] Started System Logging Service.
[[0;32m  OK  [0m] Started Permit User Sessions.
[[0;32m  OK  [0m] Started Login Service.
         Starting Authorization Manager...
[[0;32m  OK  [0m] Started Unattended Upgrades Shutdown.
         Starting Terminate Plymouth Boot Screen...
         Starting Hold until boot process finishes up...
[[0;32m  OK  [0m] Started Hold until boot process finishes up.
[[0;32m  OK  [0m] Started Terminate Plymouth Boot Screen.
         Starting Set console scheme...
[[0;32m  OK  [0m] Started Serial Getty on ttyS0.
[[0;32m  OK  [0m] Started LSB: automatic crash report generation.
[[0;32m  OK  [0m] Started LSB: Record successful boot for GRUB.
[[0;32m  OK  [0m] Started Authorization Manager.
[[0;32m  OK  [0m] Started Accounts Service.
[[0;32m  OK  [0m] Started Set console scheme.
[[0;32m  OK  [0m] Created slice system-getty.slice.
[[0;32m  OK  [0m] Started Getty on tty1.
[[0;32m  OK  [0m] Reached target Login Prompts.
[[0;32m  OK  [0m] Started Virtualbox guest utils.
[[0;32m  OK  [0m] Started LXD - container startup/shutdown.
[[0;32m  OK  [0m] Started Dispatcher daemon for systemd-networkd.
[[0;32m  OK  [0m] Started Snap Daemon.
         Starting Wait until snapd is fully seeded...
[[0;32m  OK  [0m] Started Wait until snapd is fully seeded.
         Starting Apply the settings specified in cloud-config...
[   15.774643] cloud-init[1250]: Cloud-init v. 20.2-45-g5f7825e2-0ubuntu1~18.04.1 running 'modules:config' at Tue, 27 Oct 2020 19:06:29 +0000. Up 15.33 seconds.
[[0;32m  OK  [0m] Started Apply the settings specified in cloud-config.
[[0;32m  OK  [0m] Started Pollinate to seed the pseudo random number generator.
         Starting OpenBSD Secure Shell server...
[[0;32m  OK  [0m] Started OpenBSD Secure Shell server.
[[0;32m  OK  [0m] Reached target Multi-User System.
[[0;32m  OK  [0m] Reached target Graphical Interface.
         Starting Update UTMP about System Runlevel Changes...
         Starting Execute cloud user/final scripts...
[[0;32m  OK  [0m] Started Update UTMP about System Runlevel Changes.
[[0;32m  OK  [0m] Created slice User Slice of vagrant.
         Starting User Manager for UID 1000...
[[0;32m  OK  [0m] Started Session 1 of user vagrant.
[[0;32m  OK  [0m] Started User Manager for UID 1000.
ci-info: no authorized SSH keys fingerprints found for user ubuntu.
<14>Oct 27 19:06:29 ec2: 
<14>Oct 27 19:06:29 ec2: #############################################################
<14>Oct 27 19:06:29 ec2: -----BEGIN SSH HOST KEY FINGERPRINTS-----
<14>Oct 27 19:06:29 ec2: 1024 SHA256:JmCPp8ixZK5A06t7kMsnTbRebnLGg+8KfhmMS1+5dCU root@ubuntu-bionic (DSA)
<14>Oct 27 19:06:29 ec2: 256 SHA256:MrOIFx4JiJMLW6zl7LgkuUZ8elNEbqtUIoYDTr4CA/Y root@ubuntu-bionic (ECDSA)
<14>Oct 27 19:06:29 ec2: 256 SHA256:I1jaaq5W8TK6M6rlPfUZlLeMvWuMwrznufYgIbgF+Hg root@ubuntu-bionic (ED25519)
<14>Oct 27 19:06:29 ec2: 2048 SHA256:CZSu8n5uSfPGtf/WgjUR3BU+FABaeyoSZYYB+sko3ik root@ubuntu-bionic (RSA)
<14>Oct 27 19:06:29 ec2: -----END SSH HOST KEY FINGERPRINTS-----
<14>Oct 27 19:06:29 ec2: #############################################################
-----BEGIN SSH HOST KEY KEYS-----
ecdsa-sha2-nistp256 AAAAE2VjZHNhLXNoYTItbmlzdHAyNTYAAAAIbmlzdHAyNTYAAABBBDREdDAM2+XqtyRw9jDByK1kSRWKUNKYAZUEfr9NDxRb9t4avDt6u8VUvNqp+2lBI2lmNxYjGltXRVJddwgUBmQ= root@ubuntu-bionic
ssh-ed25519 AAAAC3NzaC1lZDI1NTE5AAAAIJxLibD2YO1e4aSlyw6aQjnZG7xFxV5HHsWeSyolCrSO root@ubuntu-bionic
ssh-rsa AAAAB3NzaC1yc2EAAAADAQABAAABAQDo2YiPtaihpLAoariqkvo7dPlX+4j7BL+CL5GAD98UtvSLWhiZSKNUIN2PVGYWEkTqOPpw57xgDYniD/dlukY8NR93tRQX7/jcFaAl9h5nvfPI9awE4z2Y4tmv1Z52n8zNKDzoAmt/MUFVkbwcYyBH74LmNT6CkyfP/d7f9mVo6KJFJ5A3jj/wM04+9hgzSb4haejo3uZ5zq3+/3CUajLfjZjKoI29iORvGJ72vZVve5lUo6m6fX725NI7NxFd1lOcDdPnFBNSL2ZE/gsZ/EwpUCANLwe+e5R6aQWBb1gfh3mCDTzDZzUmbXuel9XpseaWnWpBNZM+KxbCizKOoNjT root@ubuntu-bionic
-----END SSH HOST KEY KEYS-----
[   16.335584] cloud-init[1333]: Cloud-init v. 20.2-45-g5f7825e2-0ubuntu1~18.04.1 running 'modules:final' at Tue, 27 Oct 2020 19:06:29 +0000. Up 16.20 seconds.
[   16.336985] cloud-init[1333]: ci-info: no authorized SSH keys fingerprints found for user ubuntu.
[   16.337934] cloud-init[1333]: Cloud-init v. 20.2-45-g5f7825e2-0ubuntu1~18.04.1 finished at Tue, 27 Oct 2020 19:06:30 +0000. Datasource DataSourceNoCloud [seed=/dev/sdb][dsmode=net].  Up 16.33 seconds
[[0;32m  OK  [0m] Started Execute cloud user/final scripts.
[[0;32m  OK  [0m] Reached target Cloud-init target.

Ubuntu 18.04.5 LTS ubuntu-bionic ttyS0

ubuntu-bionic login: 